0 info it worked if it ends with ok
1 verbose cli [ 'node', '/usr/local/bin/npm', 'update', '-g', 'nodemon' ]
2 info using npm@1.4.28
3 info using node@v0.10.33
4 verbose request where is /nodemon
5 verbose request registry https://registry.npmjs.org/
6 verbose request id 5092bc2599ca0143
7 verbose url raw /nodemon
8 verbose url resolving [ 'https://registry.npmjs.org/', './nodemon' ]
9 verbose url resolved https://registry.npmjs.org/nodemon
10 verbose request where is https://registry.npmjs.org/nodemon
11 info trying registry request attempt 1 at 12:36:20
12 verbose etag "8KI8W705ZIDF68EBP0LUHCOD6"
13 http GET https://registry.npmjs.org/nodemon
14 http 200 https://registry.npmjs.org/nodemon
15 silly registry.get cb [ 200,
15 silly registry.get   { date: 'Tue, 03 Feb 2015 04:36:22 GMT',
15 silly registry.get     server: 'CouchDB/1.5.0 (Erlang OTP/R16B03)',
15 silly registry.get     etag: '"8X6FA00IQ39RTMKFUANNT9XKB"',
15 silly registry.get     'content-type': 'application/json',
15 silly registry.get     'cache-control': 'max-age=60',
15 silly registry.get     'content-length': '145444',
15 silly registry.get     'accept-ranges': 'bytes',
15 silly registry.get     via: '1.1 varnish',
15 silly registry.get     age: '36',
15 silly registry.get     'x-served-by': 'cache-lax1435-LAX',
15 silly registry.get     'x-cache': 'HIT',
15 silly registry.get     'x-cache-hits': '1',
15 silly registry.get     'x-timer': 'S1422938182.015859,VS0,VE1',
15 silly registry.get     vary: 'Accept',
15 silly registry.get     'keep-alive': 'timeout=10, max=50',
15 silly registry.get     connection: 'Keep-Alive' } ]
16 info outdated updating [ [ '/usr/local/lib', 'nodemon', '1.3.5', '1.3.6', '1.3.6', 'latest' ] ]
17 verbose install where,what [ '/usr/local/lib', [ 'nodemon@1.3.6' ] ]
18 verbose cache add [ 'nodemon@1.3.6', null ]
19 verbose cache add name=undefined spec="nodemon@1.3.6" args=["nodemon@1.3.6",null]
20 verbose parsed url { protocol: null,
20 verbose parsed url   slashes: null,
20 verbose parsed url   auth: null,
20 verbose parsed url   host: null,
20 verbose parsed url   port: null,
20 verbose parsed url   hostname: null,
20 verbose parsed url   hash: null,
20 verbose parsed url   search: null,
20 verbose parsed url   query: null,
20 verbose parsed url   pathname: 'nodemon@1.3.6',
20 verbose parsed url   path: 'nodemon@1.3.6',
20 verbose parsed url   href: 'nodemon@1.3.6' }
21 verbose cache add name="nodemon" spec="1.3.6" args=["nodemon","1.3.6"]
22 verbose parsed url { protocol: null,
22 verbose parsed url   slashes: null,
22 verbose parsed url   auth: null,
22 verbose parsed url   host: null,
22 verbose parsed url   port: null,
22 verbose parsed url   hostname: null,
22 verbose parsed url   hash: null,
22 verbose parsed url   search: null,
22 verbose parsed url   query: null,
22 verbose parsed url   pathname: '1.3.6',
22 verbose parsed url   path: '1.3.6',
22 verbose parsed url   href: '1.3.6' }
23 verbose addNamed [ 'nodemon', '1.3.6' ]
24 verbose addNamed [ '1.3.6', '1.3.6' ]
25 silly lockFile 8054e090-nodemon-1-3-6 nodemon@1.3.6
26 verbose lock nodemon@1.3.6 /Users/terryshek/.npm/8054e090-nodemon-1-3-6.lock
27 verbose registry.get https://registry.npmjs.org/nodemon not expired, no request
28 silly lockFile fcc419e7-js-org-nodemon-nodemon-1-3-6-tgz https://registry.npmjs.org/nodemon/-/nodemon-1.3.6.tgz
29 verbose lock https://registry.npmjs.org/nodemon/-/nodemon-1.3.6.tgz /Users/terryshek/.npm/fcc419e7-js-org-nodemon-nodemon-1-3-6-tgz.lock
30 verbose addRemoteTarball [ 'https://registry.npmjs.org/nodemon/-/nodemon-1.3.6.tgz',
30 verbose addRemoteTarball   'c4d5e43dd797792a8291efd130de02e5520c4998' ]
31 info retry fetch attempt 1 at 12:36:24
32 verbose fetch to= /var/folders/zw/5wgs4qsd2b57gnpg3g5w6rsm0000gn/T/npm-5452-SROl3bnX/registry.npmjs.org/nodemon/-/nodemon-1.3.6.tgz
33 http GET https://registry.npmjs.org/nodemon/-/nodemon-1.3.6.tgz
34 http 200 https://registry.npmjs.org/nodemon/-/nodemon-1.3.6.tgz
35 silly lockFile fcc419e7-js-org-nodemon-nodemon-1-3-6-tgz https://registry.npmjs.org/nodemon/-/nodemon-1.3.6.tgz
36 silly lockFile fcc419e7-js-org-nodemon-nodemon-1-3-6-tgz https://registry.npmjs.org/nodemon/-/nodemon-1.3.6.tgz
37 silly lockFile 8054e090-nodemon-1-3-6 nodemon@1.3.6
38 silly lockFile 8054e090-nodemon-1-3-6 nodemon@1.3.6
39 error Error: EACCES, mkdir '/Users/terryshek/.npm/nodemon/1.3.6'
39 error  { [Error: EACCES, mkdir '/Users/terryshek/.npm/nodemon/1.3.6']
39 error   errno: 3,
39 error   code: 'EACCES',
39 error   path: '/Users/terryshek/.npm/nodemon/1.3.6' }
40 error Please try running this command again as root/Administrator.
41 error System Darwin 14.0.0
42 error command "node" "/usr/local/bin/npm" "update" "-g" "nodemon"
43 error cwd /Users/terryshek/Desktop/meanStack
44 error node -v v0.10.33
45 error npm -v 1.4.28
46 error path /Users/terryshek/.npm/nodemon/1.3.6
47 error code EACCES
48 error errno 3
49 error stack Error: EACCES, mkdir '/Users/terryshek/.npm/nodemon/1.3.6'
50 verbose exit [ 3, true ]
