0 info it worked if it ends with ok
1 verbose cli [ 'node', '/usr/local/bin/npm', 'i', 'anglar', '--save' ]
2 info using npm@1.4.28
3 info using node@v0.10.33
4 warn package.json terry_mean@1.0.0 No README data
5 warn package.json path@0.4.9 path is also the name of a node core module.
6 warn package.json util@0.10.3 util is also the name of a node core module.
7 verbose readDependencies using package.json deps
8 verbose cache add [ 'anglar', null ]
9 verbose cache add name=undefined spec="anglar" args=["anglar",null]
10 verbose parsed url { protocol: null,
10 verbose parsed url   slashes: null,
10 verbose parsed url   auth: null,
10 verbose parsed url   host: null,
10 verbose parsed url   port: null,
10 verbose parsed url   hostname: null,
10 verbose parsed url   hash: null,
10 verbose parsed url   search: null,
10 verbose parsed url   query: null,
10 verbose parsed url   pathname: 'anglar',
10 verbose parsed url   path: 'anglar',
10 verbose parsed url   href: 'anglar' }
11 silly lockFile 76e1b731-anglar anglar
12 verbose lock anglar /Users/terryshek/.npm/76e1b731-anglar.lock
13 silly lockFile 76e1b731-anglar anglar
14 silly lockFile 76e1b731-anglar anglar
15 verbose addNamed [ 'anglar', '' ]
16 verbose addNamed [ null, '*' ]
17 silly lockFile f24a5e6a-anglar anglar@
18 verbose lock anglar@ /Users/terryshek/.npm/f24a5e6a-anglar.lock
19 silly addNameRange { name: 'anglar', range: '*', hasData: false }
20 verbose request where is /anglar
21 verbose request registry https://registry.npmjs.org/
22 verbose request id 6b35207dd075ae5e
23 verbose url raw /anglar
24 verbose url resolving [ 'https://registry.npmjs.org/', './anglar' ]
25 verbose url resolved https://registry.npmjs.org/anglar
26 verbose request where is https://registry.npmjs.org/anglar
27 info trying registry request attempt 1 at 17:19:34
28 http GET https://registry.npmjs.org/anglar
29 http 404 https://registry.npmjs.org/anglar
30 verbose headers { date: 'Sat, 03 Jan 2015 09:19:32 GMT',
30 verbose headers   server: 'CouchDB/1.5.0 (Erlang OTP/R16B03)',
30 verbose headers   'content-type': 'application/json',
30 verbose headers   'cache-control': 'max-age=0',
30 verbose headers   'content-length': '52',
30 verbose headers   'accept-ranges': 'bytes',
30 verbose headers   via: '1.1 varnish',
30 verbose headers   age: '0',
30 verbose headers   'x-served-by': 'cache-hk91-HKG',
30 verbose headers   'x-cache': 'MISS',
30 verbose headers   'x-cache-hits': '0',
30 verbose headers   'x-timer': 'S1420276772.502292,VS0,VE229',
30 verbose headers   'keep-alive': 'timeout=10, max=50',
30 verbose headers   connection: 'Keep-Alive' }
31 silly registry.get cb [ 404,
31 silly registry.get   { date: 'Sat, 03 Jan 2015 09:19:32 GMT',
31 silly registry.get     server: 'CouchDB/1.5.0 (Erlang OTP/R16B03)',
31 silly registry.get     'content-type': 'application/json',
31 silly registry.get     'cache-control': 'max-age=0',
31 silly registry.get     'content-length': '52',
31 silly registry.get     'accept-ranges': 'bytes',
31 silly registry.get     via: '1.1 varnish',
31 silly registry.get     age: '0',
31 silly registry.get     'x-served-by': 'cache-hk91-HKG',
31 silly registry.get     'x-cache': 'MISS',
31 silly registry.get     'x-cache-hits': '0',
31 silly registry.get     'x-timer': 'S1420276772.502292,VS0,VE229',
31 silly registry.get     'keep-alive': 'timeout=10, max=50',
31 silly registry.get     connection: 'Keep-Alive' } ]
32 silly lockFile f24a5e6a-anglar anglar@
33 silly lockFile f24a5e6a-anglar anglar@
34 error 404 404 Not Found: anglar
34 error 404
34 error 404 'anglar' is not in the npm registry.
34 error 404 You should bug the author to publish it
34 error 404 It was specified as a dependency of 'terry_mean'
34 error 404
34 error 404 Note that you can also install from a
34 error 404 tarball, folder, or http url, or git url.
35 error System Darwin 14.0.0
36 error command "node" "/usr/local/bin/npm" "i" "anglar" "--save"
37 error cwd /Users/terryshek/Desktop/terry_mean/public
38 error node -v v0.10.33
39 error npm -v 1.4.28
40 error code E404
41 verbose exit [ 1, true ]
